<?xml version="1.0" encoding="UTF-8"?>
<!-- Generated by org.testng.reporters.JUnitReportReporter -->
<testsuite hostname="Computer" failures="0" tests="3" name="allureReports.Tests" time="7.925" errors="0" timestamp="2023-04-04T20:39:32 IST" skipped="1">
  <testcase classname="allureReports.Tests" name="logoPresence" time="0.692"/>
  <system-out/>
  <testcase classname="allureReports.Tests" name="loginTest" time="7.215"/>
  <system-out/>
  <testcase classname="allureReports.Tests" name="registerationTest" time="0.018">
    <skipped/>
  </testcase> <!-- registerationTest -->
  <system-out/>
</testsuite> <!-- allureReports.Tests -->
