<?xml version="1.0" encoding="UTF-8"?>
<!-- Generated by org.testng.reporters.JUnitReportReporter -->
<testsuite skipped="1" hostname="Computer" name="allureReports.Tests" tests="3" failures="0" timestamp="2023-04-05T22:29:36 IST" time="4.365" errors="0">
  <testcase name="logoPresence" time="0.545" classname="allureReports.Tests"/>
  <system-out/>
  <testcase name="loginTest" time="3.792" classname="allureReports.Tests"/>
  <system-out/>
  <testcase name="registerationTest" time="0.028" classname="allureReports.Tests">
    <skipped/>
  </testcase> <!-- registerationTest -->
  <system-out/>
</testsuite> <!-- allureReports.Tests -->
